<?xml version="1.0" encoding="UTF-8" standalone="no"?><testsuite errors="2" failures="0" name="Login to OrangeHRM portal" skipped="0" tests="2" time="93.3" timestamp="2026-01-06 06:03:22"><testcase name="Login with valid credentials"><error message="Timed out after 10 seconds. Element not found&#10;For documentation on this error, please visit: https://www.selenium.dev/documentation/webdriver/troubleshooting/errors#nosuchelementexception&#10;Build info: version: '4.38.0', revision: '6b412e825c*'&#10;System info: os.name: 'Linux', os.arch: 'amd64', os.version: '6.11.0-1018-azure', java.version: '17.0.17'&#10;Driver info: driver.version: unknown" type="org.openqa.selenium.NoSuchElementException">Timed out after 10 seconds. Element not found
For documentation on this error, please visit: https://www.selenium.dev/documentation/webdriver/troubleshooting/errors#nosuchelementexception
Build info: version: '4.38.0', revision: '6b412e825c*'
System info: os.name: 'Linux', os.arch: 'amd64', os.version: '6.11.0-1018-azure', java.version: '17.0.17'
Driver info: driver.version: unknown</error><system-err>Timed out after 10 seconds. Element not found
For documentation on this error, please visit: https://www.selenium.dev/documentation/webdriver/troubleshooting/errors#nosuchelementexception
Build info: version: '4.38.0', revision: '6b412e825c*'
System info: os.name: 'Linux', os.arch: 'amd64', os.version: '6.11.0-1018-azure', java.version: '17.0.17'
Driver info: driver.version: unknown
starter.pages.LoginPage.enterUsername(LoginPage.java:18)
starter.steps.LoginSteps.loginWithCredentials(LoginSteps.java:25)
starter.stepdefinitions.FuntionalTestingStepDefinitions.heEntersUsernameAndPassword(FuntionalTestingStepDefinitions.java:20)
✽.he enters username "Admin" and password "admin123"(classpath:features/funtionalTesting.feature:11)
</system-err></testcase><testcase name="Login with invalid credentials"><error message="Timed out after 10 seconds. Element not found&#10;For documentation on this error, please visit: https://www.selenium.dev/documentation/webdriver/troubleshooting/errors#nosuchelementexception&#10;Build info: version: '4.38.0', revision: '6b412e825c*'&#10;System info: os.name: 'Linux', os.arch: 'amd64', os.version: '6.11.0-1018-azure', java.version: '17.0.17'&#10;Driver info: driver.version: unknown" type="org.openqa.selenium.NoSuchElementException">Timed out after 10 seconds. Element not found
For documentation on this error, please visit: https://www.selenium.dev/documentation/webdriver/troubleshooting/errors#nosuchelementexception
Build info: version: '4.38.0', revision: '6b412e825c*'
System info: os.name: 'Linux', os.arch: 'amd64', os.version: '6.11.0-1018-azure', java.version: '17.0.17'
Driver info: driver.version: unknown</error><system-err>Timed out after 10 seconds. Element not found
For documentation on this error, please visit: https://www.selenium.dev/documentation/webdriver/troubleshooting/errors#nosuchelementexception
Build info: version: '4.38.0', revision: '6b412e825c*'
System info: os.name: 'Linux', os.arch: 'amd64', os.version: '6.11.0-1018-azure', java.version: '17.0.17'
Driver info: driver.version: unknown
starter.pages.LoginPage.enterUsername(LoginPage.java:18)
starter.steps.LoginSteps.loginWithCredentials(LoginSteps.java:25)
starter.stepdefinitions.FuntionalTestingStepDefinitions.heEntersUsernameAndPassword(FuntionalTestingStepDefinitions.java:20)
✽.he enters username "Admin" and password "wrongPassword"(classpath:features/funtionalTesting.feature:17)
</system-err></testcase></testsuite>